[2025-09-22 21:13:15] ERROR: ❌ Error en dashboardKPIs: no existe la columna «asistencia_porcentaje»
[2025-09-22 21:13:15] ERROR: ❌ Error en el servidor: no existe la columna «asistencia_porcentaje»
[2025-09-22 21:13:15] ERROR: ❌ Error en dashboardKPIs: no existe la columna «asistencia_porcentaje»
[2025-09-22 21:13:15] ERROR: ❌ Error en el servidor: no existe la columna «asistencia_porcentaje»
[2025-09-22 21:13:17] ERROR: ❌ Error en dashboardKPIs: no existe la columna «asistencia_porcentaje»
[2025-09-22 21:13:17] ERROR: ❌ Error en el servidor: no existe la columna «asistencia_porcentaje»
[2025-09-22 21:13:17] ERROR: ❌ Error en dashboardKPIs: no existe la columna «asistencia_porcentaje»
[2025-09-22 21:13:17] ERROR: ❌ Error en el servidor: no existe la columna «asistencia_porcentaje»
[2025-09-22 21:13:18] ERROR: ❌ Error en dashboardKPIs: no existe la columna «asistencia_porcentaje»
[2025-09-22 21:13:18] ERROR: ❌ Error en el servidor: no existe la columna «asistencia_porcentaje»
[2025-09-22 21:13:18] ERROR: ❌ Error en dashboardKPIs: no existe la columna «asistencia_porcentaje»
[2025-09-22 21:13:18] ERROR: ❌ Error en el servidor: no existe la columna «asistencia_porcentaje»
[2025-09-22 21:13:55] ERROR: ❌ Error en dashboardKPIs: no existe la columna «asistencia_porcentaje»
[2025-09-22 21:13:55] ERROR: ❌ Error en el servidor: no existe la columna «asistencia_porcentaje»
[2025-09-22 21:13:55] ERROR: ❌ Error en dashboardKPIs: no existe la columna «asistencia_porcentaje»
[2025-09-22 21:13:55] ERROR: ❌ Error en el servidor: no existe la columna «asistencia_porcentaje»
[2025-09-22 21:13:55] ERROR: ❌ Error en dashboardKPIs: no existe la columna «asistencia_porcentaje»
[2025-09-22 21:13:55] ERROR: ❌ Error en el servidor: no existe la columna «asistencia_porcentaje»
[2025-09-22 21:13:56] ERROR: ❌ Error en dashboardKPIs: no existe la columna «asistencia_porcentaje»
[2025-09-22 21:13:56] ERROR: ❌ Error en el servidor: no existe la columna «asistencia_porcentaje»
[2025-09-22 21:13:56] ERROR: ❌ Error en dashboardKPIs: no existe la columna «asistencia_porcentaje»
[2025-09-22 21:13:56] ERROR: ❌ Error en el servidor: no existe la columna «asistencia_porcentaje»
[2025-09-22 21:14:03] ERROR: ❌ Error en dashboardKPIs: no existe la columna «asistencia_porcentaje»
[2025-09-22 21:14:03] ERROR: ❌ Error en el servidor: no existe la columna «asistencia_porcentaje»
[2025-09-22 21:14:03] ERROR: ❌ Error en dashboardKPIs: no existe la columna «asistencia_porcentaje»
[2025-09-22 21:14:03] ERROR: ❌ Error en el servidor: no existe la columna «asistencia_porcentaje»
[2025-09-22 21:14:03] ERROR: ❌ Error en dashboardKPIs: no existe la columna «asistencia_porcentaje»
[2025-09-22 21:14:03] ERROR: ❌ Error en el servidor: no existe la columna «asistencia_porcentaje»
[2025-09-22 21:14:03] ERROR: ❌ Error en dashboardKPIs: no existe la columna «asistencia_porcentaje»
[2025-09-22 21:14:03] ERROR: ❌ Error en el servidor: no existe la columna «asistencia_porcentaje»
[2025-09-22 21:14:04] ERROR: ❌ Error en dashboardKPIs: no existe la columna «asistencia_porcentaje»
[2025-09-22 21:14:04] ERROR: ❌ Error en el servidor: no existe la columna «asistencia_porcentaje»
[2025-09-22 21:14:04] ERROR: ❌ Error en dashboardKPIs: no existe la columna «asistencia_porcentaje»
[2025-09-22 21:14:04] ERROR: ❌ Error en el servidor: no existe la columna «asistencia_porcentaje»
[2025-09-22 21:14:28] ERROR: ❌ Error en estudiantesPorCurso: no existe la columna e.nombre_apoderado
[2025-09-22 21:14:28] ERROR: ❌ Error en el servidor: no existe la columna e.nombre_apoderado
[2025-09-22 21:14:28] ERROR: ❌ Error en estudiantesPorCurso: no existe la columna e.nombre_apoderado
[2025-09-22 21:14:28] ERROR: ❌ Error en el servidor: no existe la columna e.nombre_apoderado
[2025-09-22 21:14:29] ERROR: ❌ Error en estudiantesPorCurso: no existe la columna e.nombre_apoderado
[2025-09-22 21:14:29] ERROR: ❌ Error en el servidor: no existe la columna e.nombre_apoderado
[2025-09-22 21:14:38] ERROR: ❌ Error en dashboardKPIs: no existe la columna «asistencia_porcentaje»
[2025-09-22 21:14:38] ERROR: ❌ Error en el servidor: no existe la columna «asistencia_porcentaje»
[2025-09-22 21:14:38] ERROR: ❌ Error en dashboardKPIs: no existe la columna «asistencia_porcentaje»
[2025-09-22 21:14:38] ERROR: ❌ Error en el servidor: no existe la columna «asistencia_porcentaje»
[2025-09-22 21:14:38] ERROR: ❌ Error en dashboardKPIs: no existe la columna «asistencia_porcentaje»
[2025-09-22 21:14:38] ERROR: ❌ Error en el servidor: no existe la columna «asistencia_porcentaje»
[2025-09-22 21:14:38] ERROR: ❌ Error en dashboardKPIs: no existe la columna «asistencia_porcentaje»
[2025-09-22 21:14:38] ERROR: ❌ Error en el servidor: no existe la columna «asistencia_porcentaje»
[2025-09-22 21:14:39] ERROR: ❌ Error en dashboardKPIs: no existe la columna «asistencia_porcentaje»
[2025-09-22 21:14:39] ERROR: ❌ Error en el servidor: no existe la columna «asistencia_porcentaje»
[2025-09-22 21:14:39] ERROR: ❌ Error en dashboardKPIs: no existe la columna «asistencia_porcentaje»
[2025-09-22 21:14:39] ERROR: ❌ Error en el servidor: no existe la columna «asistencia_porcentaje»
[2025-09-22 21:16:19] ERROR: ❌ Error en dashboardKPIs: no existe la columna «asistencia_porcentaje»
[2025-09-22 21:16:19] ERROR: ❌ Error en el servidor: no existe la columna «asistencia_porcentaje»
[2025-09-22 21:16:19] ERROR: ❌ Error en dashboardKPIs: no existe la columna «asistencia_porcentaje»
[2025-09-22 21:16:19] ERROR: ❌ Error en el servidor: no existe la columna «asistencia_porcentaje»
[2025-09-22 21:16:20] ERROR: ❌ Error en dashboardKPIs: no existe la columna «asistencia_porcentaje»
[2025-09-22 21:16:20] ERROR: ❌ Error en el servidor: no existe la columna «asistencia_porcentaje»
[2025-09-22 21:16:20] ERROR: ❌ Error en dashboardKPIs: no existe la columna «asistencia_porcentaje»
[2025-09-22 21:16:20] ERROR: ❌ Error en el servidor: no existe la columna «asistencia_porcentaje»
[2025-09-22 21:16:21] ERROR: ❌ Error en dashboardKPIs: no existe la columna «asistencia_porcentaje»
[2025-09-22 21:16:21] ERROR: ❌ Error en el servidor: no existe la columna «asistencia_porcentaje»
[2025-09-22 21:16:21] ERROR: ❌ Error en dashboardKPIs: no existe la columna «asistencia_porcentaje»
[2025-09-22 21:16:21] ERROR: ❌ Error en el servidor: no existe la columna «asistencia_porcentaje»
[2025-09-22 21:16:29] ERROR: ❌ Error en reporteAsistencia: no existe la columna ha.asistencia_porcentaje
[2025-09-22 21:16:29] ERROR: ❌ Error en el servidor: no existe la columna ha.asistencia_porcentaje
[2025-09-22 21:16:30] ERROR: ❌ Error en reporteAsistencia: no existe la columna ha.asistencia_porcentaje
[2025-09-22 21:16:30] ERROR: ❌ Error en el servidor: no existe la columna ha.asistencia_porcentaje
[2025-09-22 21:16:30] ERROR: ❌ Error en reporteAsistencia: no existe la columna ha.asistencia_porcentaje
[2025-09-22 21:16:30] ERROR: ❌ Error en el servidor: no existe la columna ha.asistencia_porcentaje
[2025-09-22 21:23:11] ERROR: ❌ Error en estudiantesPorCurso: no existe la columna e.nombre_apoderado
[2025-09-22 21:23:11] ERROR: ❌ Error en el servidor: no existe la columna e.nombre_apoderado
[2025-09-22 21:23:11] ERROR: ❌ Error en estudiantesPorCurso: no existe la columna e.nombre_apoderado
[2025-09-22 21:23:11] ERROR: ❌ Error en el servidor: no existe la columna e.nombre_apoderado
[2025-09-22 21:23:12] ERROR: ❌ Error en estudiantesPorCurso: no existe la columna e.nombre_apoderado
[2025-09-22 21:23:12] ERROR: ❌ Error en el servidor: no existe la columna e.nombre_apoderado
[2025-09-22 21:26:20] ERROR: ❌ Error en dashboardKPIs: no se pueden anidar llamadas a funciones de agregación
[2025-09-22 21:26:20] ERROR: ❌ Error en el servidor: no se pueden anidar llamadas a funciones de agregación
[2025-09-22 21:26:20] ERROR: ❌ Error en dashboardKPIs: no se pueden anidar llamadas a funciones de agregación
[2025-09-22 21:26:20] ERROR: ❌ Error en el servidor: no se pueden anidar llamadas a funciones de agregación
[2025-09-22 21:26:20] ERROR: ❌ Error en dashboardKPIs: no se pueden anidar llamadas a funciones de agregación
[2025-09-22 21:26:20] ERROR: ❌ Error en el servidor: no se pueden anidar llamadas a funciones de agregación
[2025-09-22 21:26:20] ERROR: ❌ Error en dashboardKPIs: no se pueden anidar llamadas a funciones de agregación
[2025-09-22 21:26:20] ERROR: ❌ Error en el servidor: no se pueden anidar llamadas a funciones de agregación
[2025-09-22 21:26:21] ERROR: ❌ Error en dashboardKPIs: no se pueden anidar llamadas a funciones de agregación
[2025-09-22 21:26:21] ERROR: ❌ Error en el servidor: no se pueden anidar llamadas a funciones de agregación
[2025-09-22 21:26:21] ERROR: ❌ Error en dashboardKPIs: no se pueden anidar llamadas a funciones de agregación
[2025-09-22 21:26:21] ERROR: ❌ Error en el servidor: no se pueden anidar llamadas a funciones de agregación
[2025-09-22 21:26:33] ERROR: ❌ Error en reporteAsistencia: no existe la función round(double precision, integer)
[2025-09-22 21:26:33] ERROR: ❌ Error en el servidor: no existe la función round(double precision, integer)
[2025-09-22 21:26:34] ERROR: ❌ Error en reporteAsistencia: no existe la función round(double precision, integer)
[2025-09-22 21:26:34] ERROR: ❌ Error en el servidor: no existe la función round(double precision, integer)
[2025-09-22 21:26:35] ERROR: ❌ Error en reporteAsistencia: no existe la función round(double precision, integer)
[2025-09-22 21:26:35] ERROR: ❌ Error en el servidor: no existe la función round(double precision, integer)
[2025-09-22 21:26:38] ERROR: ❌ Error en reporteInstitucional: no se pueden anidar llamadas a funciones de agregación
[2025-09-22 21:26:38] ERROR: ❌ Error en el servidor: no se pueden anidar llamadas a funciones de agregación
[2025-09-22 21:26:38] ERROR: ❌ Error en reporteInstitucional: no se pueden anidar llamadas a funciones de agregación
[2025-09-22 21:26:38] ERROR: ❌ Error en el servidor: no se pueden anidar llamadas a funciones de agregación
[2025-09-22 21:26:39] ERROR: ❌ Error en reporteInstitucional: no se pueden anidar llamadas a funciones de agregación
[2025-09-22 21:26:39] ERROR: ❌ Error en el servidor: no se pueden anidar llamadas a funciones de agregación
[2025-09-22 21:26:42] ERROR: ❌ Error en estudiantesPorCurso: no existe la columna e.nombre_apoderado
[2025-09-22 21:26:42] ERROR: ❌ Error en el servidor: no existe la columna e.nombre_apoderado
[2025-09-22 21:26:42] ERROR: ❌ Error en estudiantesPorCurso: no existe la columna e.nombre_apoderado
[2025-09-22 21:26:42] ERROR: ❌ Error en el servidor: no existe la columna e.nombre_apoderado
[2025-09-22 21:26:43] ERROR: ❌ Error en estudiantesPorCurso: no existe la columna e.nombre_apoderado
[2025-09-22 21:26:43] ERROR: ❌ Error en el servidor: no existe la columna e.nombre_apoderado
[2025-09-22 21:41:45] ERROR: ❌ Error en dashboardKPIs: no se pueden anidar llamadas a funciones de agregación
[2025-09-22 21:41:45] ERROR: ❌ Error en el servidor: no se pueden anidar llamadas a funciones de agregación
[2025-09-22 21:41:46] ERROR: ❌ Error en dashboardKPIs: no se pueden anidar llamadas a funciones de agregación
[2025-09-22 21:41:46] ERROR: ❌ Error en el servidor: no se pueden anidar llamadas a funciones de agregación
[2025-09-22 21:41:46] ERROR: ❌ Error en dashboardKPIs: no se pueden anidar llamadas a funciones de agregación
[2025-09-22 21:41:46] ERROR: ❌ Error en el servidor: no se pueden anidar llamadas a funciones de agregación
[2025-09-22 21:41:46] ERROR: ❌ Error en dashboardKPIs: no se pueden anidar llamadas a funciones de agregación
[2025-09-22 21:41:46] ERROR: ❌ Error en el servidor: no se pueden anidar llamadas a funciones de agregación
[2025-09-22 21:41:46] ERROR: ❌ Error en dashboardKPIs: no se pueden anidar llamadas a funciones de agregación
[2025-09-22 21:41:46] ERROR: ❌ Error en el servidor: no se pueden anidar llamadas a funciones de agregación
[2025-09-22 21:41:47] ERROR: ❌ Error en dashboardKPIs: no se pueden anidar llamadas a funciones de agregación
[2025-09-22 21:41:47] ERROR: ❌ Error en el servidor: no se pueden anidar llamadas a funciones de agregación
[2025-09-22 21:41:48] ERROR: ❌ Error en dashboardKPIs: no se pueden anidar llamadas a funciones de agregación
[2025-09-22 21:41:48] ERROR: ❌ Error en el servidor: no se pueden anidar llamadas a funciones de agregación
[2025-09-22 21:41:53] ERROR: ❌ Error en dashboardKPIs: no se pueden anidar llamadas a funciones de agregación
[2025-09-22 21:41:53] ERROR: ❌ Error en el servidor: no se pueden anidar llamadas a funciones de agregación
[2025-09-22 21:41:53] ERROR: ❌ Error en dashboardKPIs: no se pueden anidar llamadas a funciones de agregación
[2025-09-22 21:41:53] ERROR: ❌ Error en el servidor: no se pueden anidar llamadas a funciones de agregación
[2025-09-22 21:41:54] ERROR: ❌ Error en dashboardKPIs: no se pueden anidar llamadas a funciones de agregación
[2025-09-22 21:41:54] ERROR: ❌ Error en el servidor: no se pueden anidar llamadas a funciones de agregación
[2025-09-22 21:42:16] ERROR: ❌ Error en estudiantesPorCurso: no existe la columna e.nombre_apoderado
[2025-09-22 21:42:16] ERROR: ❌ Error en el servidor: no existe la columna e.nombre_apoderado
[2025-09-22 21:42:17] ERROR: ❌ Error en estudiantesPorCurso: no existe la columna e.nombre_apoderado
[2025-09-22 21:42:17] ERROR: ❌ Error en el servidor: no existe la columna e.nombre_apoderado
[2025-09-22 21:42:17] ERROR: ❌ Error en estudiantesPorCurso: no existe la columna e.nombre_apoderado
[2025-09-22 21:42:17] ERROR: ❌ Error en el servidor: no existe la columna e.nombre_apoderado
[2025-09-22 21:42:40] ERROR: ❌ Error en dashboardKPIs: no se pueden anidar llamadas a funciones de agregación
[2025-09-22 21:42:40] ERROR: ❌ Error en el servidor: no se pueden anidar llamadas a funciones de agregación
[2025-09-22 21:42:40] ERROR: ❌ Error en dashboardKPIs: no se pueden anidar llamadas a funciones de agregación
[2025-09-22 21:42:40] ERROR: ❌ Error en el servidor: no se pueden anidar llamadas a funciones de agregación
[2025-09-22 21:42:41] ERROR: ❌ Error en dashboardKPIs: no se pueden anidar llamadas a funciones de agregación
[2025-09-22 21:42:41] ERROR: ❌ Error en el servidor: no se pueden anidar llamadas a funciones de agregación
[2025-09-22 21:42:41] ERROR: ❌ Error en dashboardKPIs: no se pueden anidar llamadas a funciones de agregación
[2025-09-22 21:42:41] ERROR: ❌ Error en el servidor: no se pueden anidar llamadas a funciones de agregación
[2025-09-22 21:42:41] ERROR: ❌ Error en dashboardKPIs: no se pueden anidar llamadas a funciones de agregación
[2025-09-22 21:42:41] ERROR: ❌ Error en el servidor: no se pueden anidar llamadas a funciones de agregación
[2025-09-22 21:42:42] ERROR: ❌ Error en dashboardKPIs: no se pueden anidar llamadas a funciones de agregación
[2025-09-22 21:42:42] ERROR: ❌ Error en el servidor: no se pueden anidar llamadas a funciones de agregación
[2025-09-22 21:42:48] ERROR: ❌ Error en dashboardKPIs: no se pueden anidar llamadas a funciones de agregación
[2025-09-22 21:42:48] ERROR: ❌ Error en el servidor: no se pueden anidar llamadas a funciones de agregación
[2025-09-22 21:42:48] ERROR: ❌ Error en dashboardKPIs: no se pueden anidar llamadas a funciones de agregación
[2025-09-22 21:42:48] ERROR: ❌ Error en el servidor: no se pueden anidar llamadas a funciones de agregación
[2025-09-22 21:42:48] ERROR: ❌ Error en dashboardKPIs: no se pueden anidar llamadas a funciones de agregación
[2025-09-22 21:42:48] ERROR: ❌ Error en el servidor: no se pueden anidar llamadas a funciones de agregación
[2025-09-22 21:42:48] ERROR: ❌ Error en dashboardKPIs: no se pueden anidar llamadas a funciones de agregación
[2025-09-22 21:42:48] ERROR: ❌ Error en el servidor: no se pueden anidar llamadas a funciones de agregación
[2025-09-22 21:42:49] ERROR: ❌ Error en dashboardKPIs: no se pueden anidar llamadas a funciones de agregación
[2025-09-22 21:42:49] ERROR: ❌ Error en el servidor: no se pueden anidar llamadas a funciones de agregación
[2025-09-22 21:42:49] ERROR: ❌ Error en dashboardKPIs: no se pueden anidar llamadas a funciones de agregación
[2025-09-22 21:42:49] ERROR: ❌ Error en el servidor: no se pueden anidar llamadas a funciones de agregación
[2025-09-22 21:42:53] ERROR: ❌ Error en estudiantesPorCurso: no existe la columna e.nombre_apoderado
[2025-09-22 21:42:53] ERROR: ❌ Error en el servidor: no existe la columna e.nombre_apoderado
[2025-09-22 21:42:53] ERROR: ❌ Error en estudiantesPorCurso: no existe la columna e.nombre_apoderado
[2025-09-22 21:42:53] ERROR: ❌ Error en el servidor: no existe la columna e.nombre_apoderado
[2025-09-22 21:42:54] ERROR: ❌ Error en estudiantesPorCurso: no existe la columna e.nombre_apoderado
[2025-09-22 21:42:54] ERROR: ❌ Error en el servidor: no existe la columna e.nombre_apoderado
[2025-09-22 21:53:32] ERROR: ❌ Error en el servidor: CORS bloqueado para origen: http://192.168.18.10:5174
[2025-09-22 21:53:32] ERROR: ❌ Error en el servidor: CORS bloqueado para origen: http://192.168.18.10:5174
[2025-09-22 21:53:33] ERROR: ❌ Error en el servidor: CORS bloqueado para origen: http://192.168.18.10:5174
[2025-09-22 21:53:39] ERROR: ❌ Error en el servidor: CORS bloqueado para origen: http://192.168.18.10:5174
[2025-09-22 21:53:39] ERROR: ❌ Error en el servidor: CORS bloqueado para origen: http://192.168.18.10:5174
[2025-09-22 21:53:39] ERROR: ❌ Error en el servidor: CORS bloqueado para origen: http://192.168.18.10:5174
[2025-09-22 21:53:39] ERROR: ❌ Error en el servidor: CORS bloqueado para origen: http://192.168.18.10:5174
[2025-09-22 21:53:39] ERROR: ❌ Error en el servidor: CORS bloqueado para origen: http://192.168.18.10:5174
[2025-09-22 21:53:40] ERROR: ❌ Error en el servidor: CORS bloqueado para origen: http://192.168.18.10:5174
[2025-09-22 21:53:40] ERROR: ❌ Error en el servidor: CORS bloqueado para origen: http://192.168.18.10:5174
[2025-09-22 21:53:40] ERROR: ❌ Error en el servidor: CORS bloqueado para origen: http://192.168.18.10:5174
[2025-09-22 21:53:40] ERROR: ❌ Error en el servidor: CORS bloqueado para origen: http://192.168.18.10:5174
[2025-09-22 21:53:40] ERROR: ❌ Error en el servidor: CORS bloqueado para origen: http://192.168.18.10:5174
[2025-09-22 21:53:40] ERROR: ❌ Error en el servidor: CORS bloqueado para origen: http://192.168.18.10:5174
[2025-09-22 21:53:40] ERROR: ❌ Error en el servidor: CORS bloqueado para origen: http://192.168.18.10:5174
[2025-09-22 21:54:31] ERROR: ❌ Error en el servidor: CORS bloqueado para origen: http://192.168.18.10:5174
[2025-09-22 21:54:31] ERROR: ❌ Error en el servidor: CORS bloqueado para origen: http://192.168.18.10:5174
[2025-09-22 21:54:32] ERROR: ❌ Error en el servidor: CORS bloqueado para origen: http://192.168.18.10:5174
[2025-09-22 21:54:32] ERROR: ❌ Error en el servidor: CORS bloqueado para origen: http://192.168.18.10:5174
[2025-09-22 21:54:32] ERROR: ❌ Error en el servidor: CORS bloqueado para origen: http://192.168.18.10:5174
[2025-09-22 21:54:32] ERROR: ❌ Error en el servidor: CORS bloqueado para origen: http://192.168.18.10:5174
[2025-09-22 21:54:36] ERROR: ❌ Error en el servidor: CORS bloqueado para origen: http://192.168.18.10:5174
[2025-09-22 21:54:36] ERROR: ❌ Error en el servidor: CORS bloqueado para origen: http://192.168.18.10:5174
[2025-09-22 21:54:37] ERROR: ❌ Error en el servidor: CORS bloqueado para origen: http://192.168.18.10:5174
[2025-09-22 21:54:37] ERROR: ❌ Error en el servidor: CORS bloqueado para origen: http://192.168.18.10:5174
[2025-09-22 21:54:37] ERROR: ❌ Error en el servidor: CORS bloqueado para origen: http://192.168.18.10:5174
[2025-09-22 21:54:37] ERROR: ❌ Error en el servidor: CORS bloqueado para origen: http://192.168.18.10:5174
[2025-09-22 21:55:00] ERROR: ❌ Error en dashboardKPIs: pool.query is not a function
[2025-09-22 21:55:00] ERROR: ❌ Error en el servidor: pool.query is not a function
[2025-09-22 21:55:00] ERROR: ❌ Error en dashboardKPIs: pool.query is not a function
[2025-09-22 21:55:00] ERROR: ❌ Error en el servidor: pool.query is not a function
[2025-09-22 21:55:00] ERROR: ❌ Error en dashboardKPIs: pool.query is not a function
[2025-09-22 21:55:00] ERROR: ❌ Error en el servidor: pool.query is not a function
[2025-09-22 21:55:00] ERROR: ❌ Error en dashboardKPIs: pool.query is not a function
[2025-09-22 21:55:00] ERROR: ❌ Error en el servidor: pool.query is not a function
[2025-09-22 21:55:01] ERROR: ❌ Error en dashboardKPIs: pool.query is not a function
[2025-09-22 21:55:01] ERROR: ❌ Error en el servidor: pool.query is not a function
[2025-09-22 21:55:01] ERROR: ❌ Error en dashboardKPIs: pool.query is not a function
[2025-09-22 21:55:01] ERROR: ❌ Error en el servidor: pool.query is not a function
[2025-09-22 21:56:29] ERROR: ❌ Error en dashboardKPIs: no existe la función round(double precision, integer)
[2025-09-22 21:56:29] ERROR: ❌ Error en el servidor: no existe la función round(double precision, integer)
[2025-09-22 21:56:29] ERROR: ❌ Error en dashboardKPIs: no existe la función round(double precision, integer)
[2025-09-22 21:56:29] ERROR: ❌ Error en el servidor: no existe la función round(double precision, integer)
[2025-09-22 21:58:40] INFO: 📥 Login recibido:
[2025-09-22 21:58:40] INFO: ✅ Login exitoso
[2025-09-22 21:59:35] ERROR: Error al obtener estudiante por ID la sintaxis de entrada no es válida para tipo bigint: «nuevo»
[2025-09-22 21:59:35] ERROR: ❌ Error en el servidor: la sintaxis de entrada no es válida para tipo bigint: «nuevo»
[2025-09-22 21:59:35] ERROR: Error al obtener estudiante por ID la sintaxis de entrada no es válida para tipo bigint: «nuevo»
[2025-09-22 21:59:35] ERROR: ❌ Error en el servidor: la sintaxis de entrada no es válida para tipo bigint: «nuevo»
[2025-09-22 21:59:35] ERROR: Error al obtener estudiante por ID la sintaxis de entrada no es válida para tipo bigint: «nuevo»
[2025-09-22 21:59:35] ERROR: ❌ Error en el servidor: la sintaxis de entrada no es válida para tipo bigint: «nuevo»
[2025-09-22 21:59:35] ERROR: Error al obtener estudiante por ID la sintaxis de entrada no es válida para tipo bigint: «nuevo»
[2025-09-22 21:59:35] ERROR: ❌ Error en el servidor: la sintaxis de entrada no es válida para tipo bigint: «nuevo»
[2025-09-22 21:59:36] ERROR: Error al obtener estudiante por ID la sintaxis de entrada no es válida para tipo bigint: «nuevo»
[2025-09-22 21:59:36] ERROR: ❌ Error en el servidor: la sintaxis de entrada no es válida para tipo bigint: «nuevo»
[2025-09-22 21:59:36] ERROR: Error al obtener estudiante por ID la sintaxis de entrada no es válida para tipo bigint: «nuevo»
[2025-09-22 21:59:36] ERROR: ❌ Error en el servidor: la sintaxis de entrada no es válida para tipo bigint: «nuevo»
[2025-09-22 22:31:08] INFO: 📥 Login recibido:
[2025-09-22 22:31:09] INFO: ✅ Login exitoso
[2025-09-22 22:41:37] INFO: 📥 Login recibido:
[2025-09-22 22:41:37] INFO: ✅ Login exitoso
[2025-09-23 09:47:32] INFO: 📥 Login recibido:
[2025-09-23 09:47:33] INFO: ✅ Login exitoso
[2025-09-23 22:27:12] INFO: 📥 Login recibido:
[2025-09-23 22:27:12] INFO: ✅ Login exitoso
[2025-09-27 16:53:22] ERROR: ❌ Error en el servidor: CORS bloqueado para origen: http://localhost:5176
[2025-09-27 16:53:22] ERROR: ❌ Error en el servidor: CORS bloqueado para origen: http://localhost:5176
[2025-09-27 16:53:23] ERROR: ❌ Error en el servidor: CORS bloqueado para origen: http://localhost:5176
[2025-09-27 16:53:31] ERROR: ❌ Error en el servidor: CORS bloqueado para origen: http://localhost:5176
[2025-09-27 16:53:32] ERROR: ❌ Error en el servidor: CORS bloqueado para origen: http://localhost:5176
[2025-09-27 16:53:32] ERROR: ❌ Error en el servidor: CORS bloqueado para origen: http://localhost:5176
[2025-09-27 16:55:58] INFO: 📥 Login recibido:
[2025-09-27 16:55:58] INFO: ✅ Login exitoso
[2025-09-27 16:56:06] INFO: 📅 Obteniendo agenda con filtros:
[2025-09-27 16:56:06] INFO: 📅 Agenda obtenida: 2 registros
[2025-09-27 16:56:06] INFO: 📅 Obteniendo agenda con filtros:
[2025-09-27 16:56:06] INFO: 📅 Agenda obtenida: 2 registros
[2025-09-27 17:10:12] INFO: 📅 Obteniendo agenda con filtros:
[2025-09-27 17:10:13] INFO: 📅 Agenda obtenida: 2 registros
[2025-09-27 17:10:13] INFO: 📅 Obteniendo agenda con filtros:
[2025-09-27 17:10:13] INFO: 📅 Agenda obtenida: 2 registros
[2025-09-27 17:10:58] INFO: 📅 Obteniendo agenda con filtros:
[2025-09-27 17:10:58] INFO: 📅 Agenda obtenida: 2 registros
[2025-09-27 17:10:58] INFO: 📅 Obteniendo agenda con filtros:
[2025-09-27 17:10:58] INFO: 📅 Agenda obtenida: 2 registros
[2025-09-27 17:12:09] INFO: 📥 Login recibido:
[2025-09-27 17:12:09] INFO: ✅ Login exitoso
[2025-09-27 17:15:25] INFO: 📅 Obteniendo agenda con filtros:
[2025-09-27 17:15:26] INFO: 📅 Agenda obtenida: 2 registros
[2025-09-27 17:15:26] INFO: 📅 Obteniendo agenda con filtros:
[2025-09-27 17:15:26] INFO: 📅 Agenda obtenida: 2 registros
[2025-09-27 17:16:06] INFO: 📅 Obteniendo agenda con filtros:
[2025-09-27 17:16:06] INFO: 📅 Agenda obtenida: 2 registros
[2025-09-27 17:16:06] INFO: 📅 Obteniendo agenda con filtros:
[2025-09-27 17:16:06] INFO: 📅 Agenda obtenida: 2 registros
[2025-09-27 17:16:59] INFO: 📅 Obteniendo agenda con filtros:
[2025-09-27 17:16:59] INFO: 📅 Agenda obtenida: 2 registros
[2025-09-27 17:16:59] INFO: 📅 Obteniendo agenda con filtros:
[2025-09-27 17:16:59] INFO: 📅 Agenda obtenida: 2 registros
[2025-09-27 17:18:34] ERROR: ❌ Error en el servidor: CORS bloqueado para origen: http://localhost:5175
[2025-09-27 17:18:35] ERROR: ❌ Error en el servidor: CORS bloqueado para origen: http://localhost:5175
[2025-09-27 17:18:35] ERROR: ❌ Error en el servidor: CORS bloqueado para origen: http://localhost:5175
[2025-09-27 17:18:52] INFO: 📥 Login recibido:
[2025-09-27 17:18:52] INFO: ✅ Login exitoso
[2025-09-27 17:18:58] INFO: 📅 Obteniendo agenda con filtros:
[2025-09-27 17:18:58] INFO: 📅 Agenda obtenida: 2 registros
[2025-09-27 17:18:59] INFO: 📅 Obteniendo agenda con filtros:
[2025-09-27 17:18:59] INFO: 📅 Agenda obtenida: 2 registros
[2025-09-28 01:07:01] INFO: 📥 Login recibido:
[2025-09-28 01:07:15] INFO: 📥 Login recibido:
[2025-09-28 01:07:15] INFO: ✅ Login exitoso
[2025-09-28 01:09:33] INFO: 📥 Login recibido:
[2025-09-28 01:09:34] INFO: ✅ Login exitoso
[2025-09-28 01:09:46] INFO: 📥 Login recibido:
[2025-09-28 01:09:47] INFO: ✅ Login exitoso
[2025-09-28 01:09:48] ERROR: ❌ Error en middleware sanitizarDatos: Cannot read properties of undefined (reading 'asunto')
[2025-09-28 01:09:48] INFO: 📝 Consultar todas comunicación familiar
[2025-09-28 01:09:50] ERROR: ❌ Error en middleware sanitizarDatos: Cannot read properties of undefined (reading 'asunto')
[2025-09-28 01:09:50] INFO: 📝 Consultar todas comunicación familiar
[2025-09-28 01:10:26] ERROR: Error al actualizar estudiante la sintaxis de entrada no es válida para tipo date: «0NaN-NaN-NaNTNaN:NaN:NaN.NaN+NaN:NaN»
[2025-09-28 01:10:26] ERROR: ❌ Error en el servidor: la sintaxis de entrada no es válida para tipo date: «0NaN-NaN-NaNTNaN:NaN:NaN.NaN+NaN:NaN»
[2025-09-28 01:10:48] INFO: 📥 Login recibido:
[2025-09-28 01:10:48] INFO: ✅ Login exitoso
[2025-09-28 01:10:49] ERROR: ❌ Error en middleware sanitizarDatos: Cannot read properties of undefined (reading 'asunto')
[2025-09-28 01:10:49] INFO: 📝 Consultar todas comunicación familiar
[2025-09-28 01:10:51] ERROR: ❌ Error en middleware sanitizarDatos: Cannot read properties of undefined (reading 'asunto')
[2025-09-28 01:10:51] INFO: 📝 Consultar todas comunicación familiar
[2025-09-28 01:10:51] INFO: 📝 Crear comunicación familiar
[2025-09-28 01:10:51] ERROR: ❌ Error al registrar comunicación: invalid input syntax for type integer: "Orientador/a de turno"
[2025-09-28 01:10:51] ERROR: ❌ Error en el servidor: invalid input syntax for type integer: "Orientador/a de turno"
[2025-09-28 01:52:02] INFO: 📥 Login recibido:
[2025-09-28 01:52:03] INFO: ✅ Login exitoso
[2025-09-28 01:52:04] ERROR: ❌ Error en middleware sanitizarDatos: Cannot read properties of undefined (reading 'asunto')
[2025-09-28 01:52:04] INFO: 📝 Consultar todas comunicación familiar
[2025-09-28 01:52:05] ERROR: ❌ Error en middleware sanitizarDatos: Cannot read properties of undefined (reading 'asunto')
[2025-09-28 01:52:05] INFO: 📝 Consultar todas comunicación familiar
[2025-09-28 01:52:06] INFO: 📝 Crear comunicación familiar
[2025-09-28 01:52:06] ERROR: ❌ Error en middleware sanitizarDatos: Cannot read properties of undefined (reading 'asunto')
[2025-09-28 01:52:06] INFO: 📝 Consultar por ID comunicación familiar
[2025-09-28 01:52:07] INFO: 📝 Actualizar comunicación familiar
[2025-09-28 01:52:07] INFO: 📝 Crear comunicación familiar
[2025-09-28 01:52:08] INFO: 📝 Crear comunicación familiar
[2025-09-28 01:52:08] ERROR: ❌ Error en middleware sanitizarDatos: Cannot read properties of undefined (reading 'asunto')
[2025-09-28 01:52:08] INFO: 📝 Eliminar comunicación familiar
[2025-09-28 21:09:38] INFO: 🔑 Código de recuperación enviado a daniel1822@gmail.com
[2025-09-28 21:10:33] INFO: 🔑 Código de recuperación enviado a daniel1822@gmail.com
[2025-09-28 21:17:56] INFO: 🔑 Código de recuperación enviado a daniel1822@gmail.com
[2025-09-28 21:19:36] INFO: 🔑 Código de recuperación enviado a daniel1822@gmail.com
[2025-10-09 23:26:05] INFO: 🔍 AUDIT
[2025-10-09 23:26:05] INFO: 🔍 AUDIT
[2025-10-09 23:26:05] ERROR: ❌ Error en request
[2025-10-09 23:26:06] ERROR: 🚨 ALERTA: Alta tasa de errores
[2025-10-09 23:26:06] ERROR: 🚨 ALERTA: Error del servidor
[2025-10-09 23:27:18] INFO: 🔍 AUDIT
[2025-10-09 23:27:18] INFO: 🔍 AUDIT
[2025-10-09 23:27:18] ERROR: ❌ Error en request
[2025-10-09 23:27:18] ERROR: 🚨 ALERTA: Alta tasa de errores
[2025-10-09 23:27:18] ERROR: 🚨 ALERTA: Error del servidor
[2025-10-12 15:49:08] INFO: 📥 Login recibido:
[2025-10-12 15:49:09] ERROR:  Error en login: SASL: SCRAM-SERVER-FIRST-MESSAGE: client password must be a string
[2025-10-12 15:49:09] ERROR: ❌ Error en el servidor: SASL: SCRAM-SERVER-FIRST-MESSAGE: client password must be a string
[2025-10-12 15:49:09] INFO: 🔍 AUDIT
[2025-10-12 15:49:09] INFO: 🔍 AUDIT
[2025-10-12 15:49:09] INFO: 🔍 AUDIT
[2025-10-12 15:49:09] INFO: 🔍 AUDIT
[2025-10-12 15:49:09] INFO: 🔍 AUDIT
[2025-10-12 15:49:09] INFO: 🔍 AUDIT
[2025-10-12 15:49:09] ERROR: ❌ Error en request
[2025-10-12 15:49:09] ERROR: 🚨 ALERTA: Alta tasa de errores
[2025-10-12 15:49:09] ERROR: 🚨 ALERTA: Error del servidor
[2025-10-12 15:50:24] INFO: 📥 Login recibido:
[2025-10-12 15:50:26] ERROR:  Error en login: secretOrPrivateKey must have a value
[2025-10-12 15:50:26] ERROR: ❌ Error en el servidor: secretOrPrivateKey must have a value
[2025-10-12 15:50:26] INFO: 🔍 AUDIT
[2025-10-12 15:50:26] INFO: 🔍 AUDIT
[2025-10-12 15:50:26] INFO: 🔍 AUDIT
[2025-10-12 15:50:26] INFO: 🔍 AUDIT
[2025-10-12 15:50:26] INFO: 🔍 AUDIT
[2025-10-12 15:50:26] INFO: 🔍 AUDIT
[2025-10-12 15:50:26] WARN: 🐌 Request lento detectado
[2025-10-12 15:50:26] ERROR: ❌ Error en request
[2025-10-12 15:50:26] ERROR: 🚨 ALERTA: Alta tasa de errores
[2025-10-12 15:50:26] ERROR: 🚨 ALERTA: Error del servidor
[2025-10-12 15:50:39] INFO: 📥 Login recibido:
[2025-10-12 15:50:40] ERROR:  Error en login: secretOrPrivateKey must have a value
[2025-10-12 15:50:40] ERROR: ❌ Error en el servidor: secretOrPrivateKey must have a value
[2025-10-12 15:50:40] INFO: 🔍 AUDIT
[2025-10-12 15:50:40] INFO: 🔍 AUDIT
[2025-10-12 15:50:40] INFO: 🔍 AUDIT
[2025-10-12 15:50:40] INFO: 🔍 AUDIT
[2025-10-12 15:50:40] INFO: 🔍 AUDIT
[2025-10-12 15:50:40] INFO: 🔍 AUDIT
[2025-10-12 15:50:40] ERROR: ❌ Error en request
[2025-10-12 15:50:40] ERROR: 🚨 ALERTA: Alta tasa de errores
[2025-10-12 15:50:40] ERROR: 🚨 ALERTA: Error del servidor
[2025-10-12 15:51:59] INFO: 📥 Login recibido:
[2025-10-12 15:52:01] INFO:  Login exitoso
[2025-10-12 15:52:01] INFO: 🔍 AUDIT
[2025-10-12 15:52:01] INFO: 🔍 AUDIT
[2025-10-12 15:52:01] INFO: 🔍 AUDIT
[2025-10-12 15:52:01] INFO: 🔍 AUDIT
[2025-10-12 15:52:01] INFO: 🔍 AUDIT
[2025-10-12 15:52:01] INFO: 🔍 AUDIT
[2025-10-12 15:52:02] WARN: 🐌 Request lento detectado
[2025-10-12 15:52:03] INFO: 📝 Consultar todas comunicación familiar
[2025-10-12 15:52:04] INFO: 🔍 AUDIT
[2025-10-12 15:52:04] INFO: 🔍 AUDIT
[2025-10-12 15:52:04] WARN: 🐌 Request lento detectado
[2025-10-12 16:06:16] INFO: 📥 Login recibido:
[2025-10-12 16:06:18] INFO:  Login exitoso
[2025-10-12 16:06:18] INFO: 🔍 AUDIT
[2025-10-12 16:06:18] INFO: 🔍 AUDIT
[2025-10-12 16:06:18] INFO: 🔍 AUDIT
[2025-10-12 16:06:18] INFO: 🔍 AUDIT
[2025-10-12 16:06:18] INFO: 🔍 AUDIT
[2025-10-12 16:06:18] INFO: 🔍 AUDIT
[2025-10-12 16:06:20] INFO: 🔍 AUDIT
[2025-10-12 16:06:20] INFO: 🔍 AUDIT
[2025-10-12 16:06:20] WARN: 🐌 Request lento detectado
[2025-10-12 16:06:20] ERROR: ❌ Error en request
[2025-10-12 16:06:20] ERROR: 🚨 ALERTA: Alta tasa de errores
[2025-10-12 16:08:11] INFO: 📥 Login recibido:
[2025-10-12 16:08:12] INFO:  Login exitoso
[2025-10-12 16:08:12] INFO: 🔍 AUDIT
[2025-10-12 16:08:12] INFO: 🔍 AUDIT
[2025-10-12 16:08:12] INFO: 🔍 AUDIT
[2025-10-12 16:08:12] INFO: 🔍 AUDIT
[2025-10-12 16:08:12] INFO: 🔍 AUDIT
[2025-10-12 16:08:12] INFO: 🔍 AUDIT
[2025-10-12 16:08:12] ERROR: 🚨 ALERTA: Alta tasa de errores
[2025-10-12 16:08:15] INFO: 🔍 AUDIT
[2025-10-12 16:08:15] INFO: 🔍 AUDIT
[2025-10-12 16:08:15] WARN: 🐌 Request lento detectado
[2025-10-12 16:08:15] ERROR: 🚨 ALERTA: Alta tasa de errores
[2025-10-12 16:11:36] INFO: 🧹 Rate limits limpiados: 1 entradas expiradas
[2025-10-12 16:23:29] INFO: 📥 Login recibido:
[2025-10-12 16:23:31] INFO:  Login exitoso
[2025-10-12 16:23:31] INFO: 🔍 AUDIT
[2025-10-12 16:23:31] INFO: 🔍 AUDIT
[2025-10-12 16:23:31] INFO: 🔍 AUDIT
[2025-10-12 16:23:31] INFO: 🔍 AUDIT
[2025-10-12 16:23:31] INFO: 🔍 AUDIT
[2025-10-12 16:23:31] INFO: 🔍 AUDIT
[2025-10-12 16:23:31] ERROR: 🚨 ALERTA: Alta tasa de errores
[2025-10-12 16:23:33] INFO: 🔍 AUDIT
[2025-10-12 16:23:33] INFO: 🔍 AUDIT
[2025-10-12 16:23:33] WARN: 🐌 Request lento detectado
[2025-10-12 16:23:33] ERROR: 🚨 ALERTA: Alta tasa de errores
[2025-10-12 16:23:33] INFO: 🔍 AUDIT
[2025-10-12 16:23:33] INFO: 🔍 AUDIT
[2025-10-12 16:23:33] ERROR: 🚨 ALERTA: Alta tasa de errores
[2025-10-12 16:23:33] INFO: 🔍 AUDIT
[2025-10-12 16:23:33] INFO: 🔍 AUDIT
[2025-10-12 16:23:33] ERROR: ❌ Error en request
[2025-10-12 16:23:33] ERROR: 🚨 ALERTA: Alta tasa de errores
[2025-10-12 16:23:34] INFO: Promedio calculado para estudiante 17: 0 (0 notas)
[2025-10-12 16:23:34] INFO: 🔍 AUDIT
[2025-10-12 16:23:34] INFO: 🔍 AUDIT
[2025-10-12 16:23:34] ERROR: 🚨 ALERTA: Alta tasa de errores
[2025-10-12 16:23:34] INFO: 🔍 AUDIT
[2025-10-12 16:23:34] INFO: 🔍 AUDIT
[2025-10-12 16:23:34] ERROR: 🚨 ALERTA: Alta tasa de errores
[2025-10-12 16:24:41] INFO: 📥 Login recibido:
[2025-10-12 16:24:42] INFO:  Login exitoso
[2025-10-12 16:24:42] INFO: 🔍 AUDIT
[2025-10-12 16:24:42] INFO: 🔍 AUDIT
[2025-10-12 16:24:42] INFO: 🔍 AUDIT
[2025-10-12 16:24:42] INFO: 🔍 AUDIT
[2025-10-12 16:24:42] INFO: 🔍 AUDIT
[2025-10-12 16:24:42] INFO: 🔍 AUDIT
[2025-10-12 16:24:42] ERROR: 🚨 ALERTA: Alta tasa de errores
[2025-10-12 16:24:43] INFO: 🔍 AUDIT
[2025-10-12 16:24:43] INFO: 🔍 AUDIT
[2025-10-12 16:24:43] ERROR: 🚨 ALERTA: Alta tasa de errores
[2025-10-12 16:24:43] INFO: 🔍 AUDIT
[2025-10-12 16:24:43] INFO: 🔍 AUDIT
[2025-10-12 16:24:43] ERROR: 🚨 ALERTA: Alta tasa de errores
[2025-10-12 16:24:44] INFO: 🔍 AUDIT
[2025-10-12 16:24:44] INFO: 🔍 AUDIT
[2025-10-12 16:24:44] ERROR: ❌ Error en request
[2025-10-12 16:24:45] INFO: Promedio calculado para estudiante 17: 0 (0 notas)
[2025-10-12 16:24:45] INFO: 🔍 AUDIT
[2025-10-12 16:24:45] INFO: 🔍 AUDIT
[2025-10-12 16:24:45] INFO: 🔍 AUDIT
[2025-10-12 16:24:45] INFO: 🔍 AUDIT
[2025-10-12 16:26:07] INFO: 📥 Login recibido:
[2025-10-12 16:26:09] INFO:  Login exitoso
[2025-10-12 16:26:09] INFO: 🔍 AUDIT
[2025-10-12 16:26:09] INFO: 🔍 AUDIT
[2025-10-12 16:26:09] INFO: 🔍 AUDIT
[2025-10-12 16:26:09] INFO: 🔍 AUDIT
[2025-10-12 16:26:09] INFO: 🔍 AUDIT
[2025-10-12 16:26:09] INFO: 🔍 AUDIT
[2025-10-12 16:26:10] INFO: 🔍 AUDIT
[2025-10-12 16:26:10] INFO: 🔍 AUDIT
[2025-10-12 16:26:10] INFO: 🔍 AUDIT
[2025-10-12 16:26:10] INFO: 🔍 AUDIT
[2025-10-12 16:26:11] INFO: 🔍 AUDIT
[2025-10-12 16:26:11] INFO: 🔍 AUDIT
[2025-10-12 16:26:11] INFO: Promedio calculado para estudiante 17: 6.1 (4 notas)
[2025-10-12 16:26:11] INFO: 🔍 AUDIT
[2025-10-12 16:26:11] INFO: 🔍 AUDIT
[2025-10-12 16:26:12] INFO: 🔍 AUDIT
[2025-10-12 16:26:12] INFO: 🔍 AUDIT
[2025-10-12 16:37:30] INFO: 📥 Login recibido:
[2025-10-12 16:37:32] INFO:  Login exitoso
[2025-10-12 16:37:32] INFO: 🔍 AUDIT
[2025-10-12 16:37:32] INFO: 🔍 AUDIT
[2025-10-12 16:37:32] INFO: 🔍 AUDIT
[2025-10-12 16:37:32] INFO: 🔍 AUDIT
[2025-10-12 16:37:32] INFO: 🔍 AUDIT
[2025-10-12 16:37:32] INFO: 🔍 AUDIT
[2025-10-12 16:37:33] INFO: 🔍 AUDIT
[2025-10-12 16:37:33] INFO: 🔍 AUDIT
[2025-10-12 16:37:33] INFO: Promedio calculado para estudiante 17: 6.1 (4 notas)
[2025-10-12 16:37:34] INFO: 🔍 AUDIT
[2025-10-12 16:37:34] INFO: 🔍 AUDIT
[2025-10-12 16:37:34] INFO: 🔍 AUDIT
[2025-10-12 16:37:34] INFO: 🔍 AUDIT
[2025-10-12 16:43:47] ERROR: ❌ Error en el servidor: CORS bloqueado para origen: https://sigo-caupolican.onrender.com
[2025-10-12 16:45:47] INFO: 🧹 Rate limits limpiados: 1 entradas expiradas
[2025-10-12 17:01:53] INFO: 🔍 AUDIT
[2025-10-12 17:01:53] INFO: 🔍 AUDIT
[2025-10-12 17:40:13] INFO: 🔍 AUDIT
[2025-10-12 17:40:13] INFO: 🔍 AUDIT
[2025-10-12 19:26:26] WARN: 🚫 Origen no autorizado
[2025-10-12 19:26:26] WARN: 🚫 Origen no autorizado
[2025-10-12 19:26:26] WARN: 🚫 Origen no autorizado
[2025-10-12 19:26:35] WARN: 🚫 Origen no autorizado
[2025-10-12 19:26:41] WARN: 🚫 Origen no autorizado
[2025-10-12 19:32:18] INFO: 🔍 AUDIT
[2025-10-12 19:32:18] INFO: 🔍 AUDIT
[2025-10-12 19:32:25] INFO: 📥 Login recibido:
[2025-10-12 19:32:25] INFO:  Login exitoso
[2025-10-12 19:32:25] INFO: 🔍 AUDIT
[2025-10-12 19:32:25] INFO: 🔍 AUDIT
[2025-10-12 19:32:25] INFO: 🔍 AUDIT
[2025-10-12 19:32:25] INFO: 🔍 AUDIT
[2025-10-12 19:32:25] INFO: 🔍 AUDIT
[2025-10-12 19:32:25] INFO: 🔍 AUDIT
[2025-10-12 19:32:37] WARN: 🚫 Origen no autorizado
[2025-10-12 19:32:59] WARN: 🚫 Origen no autorizado
[2025-10-12 19:33:22] WARN: 🚫 Origen no autorizado
[2025-10-12 19:33:30] WARN: 🚫 Origen no autorizado
[2025-10-12 19:35:40] WARN: 🚫 Origen no autorizado
[2025-10-12 19:35:44] WARN: 🚫 Origen no autorizado
[2025-10-12 19:35:47] WARN: 🚫 Origen no autorizado
[2025-10-12 19:39:45] WARN: 🚫 Origen no autorizado
